{
  "uid" : "5f43c83e851cae70",
  "name" : "test_3_arrival_time",
  "fullName" : "test_3_arrival_time#test_3_arrival_time",
  "historyId" : "c0ddacfa730435ba4a96b5732adce7a5",
  "time" : {
    "start" : 1515766752476,
    "stop" : 1515766788697,
    "duration" : 36221
  },
  "status" : "failed",
  "statusMessage" : "AssertionError: Title \"Account overview\" not found. TimeoutException",
  "statusTrace" : "driver = <selenium.webdriver.edge.webdriver.WebDriver (session=\"866235E8-7B41-4B0B-B1EE-1934BEFECD88\")>\ntitle = 'Account overview'\n\n    def wait_for_title(driver, title):\n        wait = WebDriverWait(driver, TIMEOUT)\n        try:\n>           wait.until(EC.title_is(title))\n\nselenium_methods.py:62: \n_ _ _ _ _ _ _ _ _ _ _ _ _ _ _ _ _ _ _ _ _ _ _ _ _ _ _ _ _ _ _ _ _ _ _ _ _ _ _ _\n\nself = <selenium.webdriver.support.wait.WebDriverWait (session=\"866235E8-7B41-4B0B-B1EE-1934BEFECD88\")>\nmethod = <selenium.webdriver.support.expected_conditions.title_is object at 0x000001BC15641BE0>\nmessage = ''\n\n    def until(self, method, message=''):\n        \"\"\"Calls the method provided with the driver as an argument until the \\\n            return value is not False.\"\"\"\n        screen = None\n        stacktrace = None\n    \n        end_time = time.time() + self._timeout\n        while True:\n            try:\n                value = method(self._driver)\n                if value:\n                    return value\n            except self._ignored_exceptions as exc:\n                screen = getattr(exc, 'screen', None)\n                stacktrace = getattr(exc, 'stacktrace', None)\n            time.sleep(self._poll)\n            if time.time() > end_time:\n                break\n>       raise TimeoutException(message, screen, stacktrace)\nE       selenium.common.exceptions.TimeoutException: Message:\n\nC:\\Users\\ПТЕНЦОМАСЬ\\AppData\\Local\\Programs\\Python\\Python36\\lib\\site-packages\\selenium\\webdriver\\support\\wait.py:80: TimeoutException\n\nDuring handling of the above exception, another exception occurred:\n\ndriver = <selenium.webdriver.edge.webdriver.WebDriver (session=\"866235E8-7B41-4B0B-B1EE-1934BEFECD88\")>\n\n    @pytest.allure.feature('Transavia')\n    @pytest.allure.story('Зайти в кабинет и проверить ожидаемое и фактическое время приземления самолета')\n    @pytest.allure.severity(pytest.allure.severity_level.BLOCKER)\n    def test_3_arrival_time(driver):\n    \n        with pytest.allure.step('1. Open \"transavia.com\" website'):\n            home = Home(driver)\n            home.open_page()\n    \n        with pytest.allure.step('2. Check, that we are on booking page'):\n            expected = 'Where do you want to go?'\n            assert expected in home.text, 'Text \"{}\" not found on page: {}'.format(expected, home.text)\n    \n        with pytest.allure.step('3. Click \"Manage your booking\" button'):\n            home.click_manage_your_booking()\n    \n        with pytest.allure.step('4. Click \"View your booking\" button'):\n            home.click_view_your_booking()\n    \n        with pytest.allure.step('5. Check, that we are on Login Page'):\n            title = 'Log in'\n            login = Login(driver)\n            login.wait_for_title(title)\n    \n        with pytest.allure.step('6. Enter booking no. \"MF8C9R\"; last name \"kukharau\", flight date \"9 June 2016\"'):\n            login.enter_booking_number('MF8C9R')\n            login.enter_last_name('kukharau')\n            login.enter_flight_date('9 June 2016')\n            login.click_view_booking()\n    \n        with pytest.allure.step('7. Check, that login was successful'):\n            title = 'Account overview'\n            login = Login(driver)\n>           login.wait_for_title(title)\n\ntest_3_arrival_time.py:38: \n_ _ _ _ _ _ _ _ _ _ _ _ _ _ _ _ _ _ _ _ _ _ _ _ _ _ _ _ _ _ _ _ _ _ _ _ _ _ _ _\npages.py:127: in wait_for_title\n    selenium_methods.wait_for_title(self.driver, title)\n_ _ _ _ _ _ _ _ _ _ _ _ _ _ _ _ _ _ _ _ _ _ _ _ _ _ _ _ _ _ _ _ _ _ _ _ _ _ _ _\n\ndriver = <selenium.webdriver.edge.webdriver.WebDriver (session=\"866235E8-7B41-4B0B-B1EE-1934BEFECD88\")>\ntitle = 'Account overview'\n\n    def wait_for_title(driver, title):\n        wait = WebDriverWait(driver, TIMEOUT)\n        try:\n            wait.until(EC.title_is(title))\n        except exceptions.TimeoutException:\n>           assert False, 'Title \"{}\" not found. TimeoutException'.format(title)\nE           AssertionError: Title \"Account overview\" not found. TimeoutException\n\nselenium_methods.py:64: AssertionError",
  "flaky" : false,
  "beforeStages" : [ {
    "name" : "driver",
    "time" : {
      "start" : 1515766751216,
      "stop" : 1515766752476,
      "duration" : 1260
    },
    "status" : "passed",
    "steps" : [ ],
    "attachments" : [ ],
    "parameters" : [ ],
    "attachmentsCount" : 0,
    "shouldDisplayMessage" : false,
    "hasContent" : false,
    "stepsCount" : 0
  } ],
  "testStage" : {
    "status" : "failed",
    "statusMessage" : "AssertionError: Title \"Account overview\" not found. TimeoutException",
    "statusTrace" : "driver = <selenium.webdriver.edge.webdriver.WebDriver (session=\"866235E8-7B41-4B0B-B1EE-1934BEFECD88\")>\ntitle = 'Account overview'\n\n    def wait_for_title(driver, title):\n        wait = WebDriverWait(driver, TIMEOUT)\n        try:\n>           wait.until(EC.title_is(title))\n\nselenium_methods.py:62: \n_ _ _ _ _ _ _ _ _ _ _ _ _ _ _ _ _ _ _ _ _ _ _ _ _ _ _ _ _ _ _ _ _ _ _ _ _ _ _ _\n\nself = <selenium.webdriver.support.wait.WebDriverWait (session=\"866235E8-7B41-4B0B-B1EE-1934BEFECD88\")>\nmethod = <selenium.webdriver.support.expected_conditions.title_is object at 0x000001BC15641BE0>\nmessage = ''\n\n    def until(self, method, message=''):\n        \"\"\"Calls the method provided with the driver as an argument until the \\\n            return value is not False.\"\"\"\n        screen = None\n        stacktrace = None\n    \n        end_time = time.time() + self._timeout\n        while True:\n            try:\n                value = method(self._driver)\n                if value:\n                    return value\n            except self._ignored_exceptions as exc:\n                screen = getattr(exc, 'screen', None)\n                stacktrace = getattr(exc, 'stacktrace', None)\n            time.sleep(self._poll)\n            if time.time() > end_time:\n                break\n>       raise TimeoutException(message, screen, stacktrace)\nE       selenium.common.exceptions.TimeoutException: Message:\n\nC:\\Users\\ПТЕНЦОМАСЬ\\AppData\\Local\\Programs\\Python\\Python36\\lib\\site-packages\\selenium\\webdriver\\support\\wait.py:80: TimeoutException\n\nDuring handling of the above exception, another exception occurred:\n\ndriver = <selenium.webdriver.edge.webdriver.WebDriver (session=\"866235E8-7B41-4B0B-B1EE-1934BEFECD88\")>\n\n    @pytest.allure.feature('Transavia')\n    @pytest.allure.story('Зайти в кабинет и проверить ожидаемое и фактическое время приземления самолета')\n    @pytest.allure.severity(pytest.allure.severity_level.BLOCKER)\n    def test_3_arrival_time(driver):\n    \n        with pytest.allure.step('1. Open \"transavia.com\" website'):\n            home = Home(driver)\n            home.open_page()\n    \n        with pytest.allure.step('2. Check, that we are on booking page'):\n            expected = 'Where do you want to go?'\n            assert expected in home.text, 'Text \"{}\" not found on page: {}'.format(expected, home.text)\n    \n        with pytest.allure.step('3. Click \"Manage your booking\" button'):\n            home.click_manage_your_booking()\n    \n        with pytest.allure.step('4. Click \"View your booking\" button'):\n            home.click_view_your_booking()\n    \n        with pytest.allure.step('5. Check, that we are on Login Page'):\n            title = 'Log in'\n            login = Login(driver)\n            login.wait_for_title(title)\n    \n        with pytest.allure.step('6. Enter booking no. \"MF8C9R\"; last name \"kukharau\", flight date \"9 June 2016\"'):\n            login.enter_booking_number('MF8C9R')\n            login.enter_last_name('kukharau')\n            login.enter_flight_date('9 June 2016')\n            login.click_view_booking()\n    \n        with pytest.allure.step('7. Check, that login was successful'):\n            title = 'Account overview'\n            login = Login(driver)\n>           login.wait_for_title(title)\n\ntest_3_arrival_time.py:38: \n_ _ _ _ _ _ _ _ _ _ _ _ _ _ _ _ _ _ _ _ _ _ _ _ _ _ _ _ _ _ _ _ _ _ _ _ _ _ _ _\npages.py:127: in wait_for_title\n    selenium_methods.wait_for_title(self.driver, title)\n_ _ _ _ _ _ _ _ _ _ _ _ _ _ _ _ _ _ _ _ _ _ _ _ _ _ _ _ _ _ _ _ _ _ _ _ _ _ _ _\n\ndriver = <selenium.webdriver.edge.webdriver.WebDriver (session=\"866235E8-7B41-4B0B-B1EE-1934BEFECD88\")>\ntitle = 'Account overview'\n\n    def wait_for_title(driver, title):\n        wait = WebDriverWait(driver, TIMEOUT)\n        try:\n            wait.until(EC.title_is(title))\n        except exceptions.TimeoutException:\n>           assert False, 'Title \"{}\" not found. TimeoutException'.format(title)\nE           AssertionError: Title \"Account overview\" not found. TimeoutException\n\nselenium_methods.py:64: AssertionError",
    "steps" : [ {
      "name" : "1. Open \"transavia.com\" website",
      "time" : {
        "start" : 1515766752476,
        "stop" : 1515766754862,
        "duration" : 2386
      },
      "status" : "passed",
      "steps" : [ ],
      "attachments" : [ ],
      "parameters" : [ ],
      "attachmentsCount" : 0,
      "shouldDisplayMessage" : false,
      "hasContent" : false,
      "stepsCount" : 0
    }, {
      "name" : "2. Check, that we are on booking page",
      "time" : {
        "start" : 1515766754862,
        "stop" : 1515766754936,
        "duration" : 74
      },
      "status" : "passed",
      "steps" : [ ],
      "attachments" : [ ],
      "parameters" : [ ],
      "attachmentsCount" : 0,
      "shouldDisplayMessage" : false,
      "hasContent" : false,
      "stepsCount" : 0
    }, {
      "name" : "3. Click \"Manage your booking\" button",
      "time" : {
        "start" : 1515766754936,
        "stop" : 1515766755722,
        "duration" : 786
      },
      "status" : "passed",
      "steps" : [ ],
      "attachments" : [ {
        "uid" : "7264ce9499efba2b",
        "name" : "Screenshot",
        "source" : "7264ce9499efba2b.png",
        "type" : "image/png",
        "size" : 108806
      } ],
      "parameters" : [ ],
      "attachmentsCount" : 1,
      "shouldDisplayMessage" : false,
      "hasContent" : true,
      "stepsCount" : 0
    }, {
      "name" : "4. Click \"View your booking\" button",
      "time" : {
        "start" : 1515766755722,
        "stop" : 1515766756109,
        "duration" : 387
      },
      "status" : "passed",
      "steps" : [ ],
      "attachments" : [ {
        "uid" : "a68c7afcf9ea6497",
        "name" : "Screenshot",
        "source" : "a68c7afcf9ea6497.png",
        "type" : "image/png",
        "size" : 107461
      } ],
      "parameters" : [ ],
      "attachmentsCount" : 1,
      "shouldDisplayMessage" : false,
      "hasContent" : true,
      "stepsCount" : 0
    }, {
      "name" : "5. Check, that we are on Login Page",
      "time" : {
        "start" : 1515766756110,
        "stop" : 1515766757236,
        "duration" : 1126
      },
      "status" : "passed",
      "steps" : [ ],
      "attachments" : [ ],
      "parameters" : [ ],
      "attachmentsCount" : 0,
      "shouldDisplayMessage" : false,
      "hasContent" : false,
      "stepsCount" : 0
    }, {
      "name" : "6. Enter booking no. \"MF8C9R\"; last name \"kukharau\", flight date \"9 June 2016\"",
      "time" : {
        "start" : 1515766757236,
        "stop" : 1515766758625,
        "duration" : 1389
      },
      "status" : "passed",
      "steps" : [ ],
      "attachments" : [ {
        "uid" : "f79af0974a8f2285",
        "name" : "Screenshot",
        "source" : "f79af0974a8f2285.png",
        "type" : "image/png",
        "size" : 7276
      }, {
        "uid" : "908b9b3a2dc2d67a",
        "name" : "Screenshot",
        "source" : "908b9b3a2dc2d67a.png",
        "type" : "image/png",
        "size" : 76652
      }, {
        "uid" : "f0c5c01e9690afff",
        "name" : "Screenshot",
        "source" : "f0c5c01e9690afff.png",
        "type" : "image/png",
        "size" : 76580
      }, {
        "uid" : "10d4c7cbc0b98efc",
        "name" : "Screenshot",
        "source" : "10d4c7cbc0b98efc.png",
        "type" : "image/png",
        "size" : 89280
      } ],
      "parameters" : [ ],
      "attachmentsCount" : 4,
      "shouldDisplayMessage" : false,
      "hasContent" : true,
      "stepsCount" : 0
    }, {
      "name" : "7. Check, that login was successful",
      "time" : {
        "start" : 1515766758625,
        "stop" : 1515766788693,
        "duration" : 30068
      },
      "status" : "failed",
      "statusMessage" : "AssertionError: Title \"Account overview\" not found. TimeoutException\n",
      "statusTrace" : "  File \"f:\\PROGRAMMING\\EPAM\\transavia\\test_3_arrival_time.py\", line 38, in test_3_arrival_time\n    login.wait_for_title(title)\n  File \"f:\\PROGRAMMING\\EPAM\\transavia\\pages.py\", line 127, in wait_for_title\n    selenium_methods.wait_for_title(self.driver, title)\n  File \"f:\\PROGRAMMING\\EPAM\\transavia\\selenium_methods.py\", line 64, in wait_for_title\n    assert False, 'Title \"{}\" not found. TimeoutException'.format(title)\n",
      "steps" : [ ],
      "attachments" : [ ],
      "parameters" : [ ],
      "attachmentsCount" : 0,
      "shouldDisplayMessage" : true,
      "hasContent" : true,
      "stepsCount" : 0
    } ],
    "attachments" : [ ],
    "parameters" : [ ],
    "attachmentsCount" : 6,
    "shouldDisplayMessage" : true,
    "hasContent" : true,
    "stepsCount" : 7
  },
  "afterStages" : [ {
    "name" : "driver::teardown",
    "time" : {
      "start" : 1515766788834,
      "stop" : 1515766793154,
      "duration" : 4320
    },
    "status" : "passed",
    "steps" : [ ],
    "attachments" : [ ],
    "parameters" : [ ],
    "attachmentsCount" : 0,
    "shouldDisplayMessage" : false,
    "hasContent" : false,
    "stepsCount" : 0
  } ],
  "labels" : [ {
    "name" : "story",
    "value" : "Зайти в кабинет и проверить ожидаемое и фактическое время приземления самолета"
  }, {
    "name" : "feature",
    "value" : "Transavia"
  }, {
    "name" : "severity",
    "value" : "blocker"
  }, {
    "name" : "host",
    "value" : "MASYAN"
  }, {
    "name" : "thread",
    "value" : "7832-MainThread"
  }, {
    "name" : "framework",
    "value" : "pytest"
  }, {
    "name" : "language",
    "value" : "cpython3"
  }, {
    "name" : "package",
    "value" : "test_3_arrival_time"
  }, {
    "name" : "resultFormat",
    "value" : "allure2"
  } ],
  "parameters" : [ ],
  "links" : [ ],
  "hidden" : false,
  "retry" : false,
  "extra" : {
    "severity" : "blocker",
    "retries" : [ ],
    "categories" : [ {
      "name" : "Product defects",
      "matchedStatuses" : [ ],
      "flaky" : false
    } ],
    "tags" : [ ]
  },
  "source" : "5f43c83e851cae70.json",
  "parameterValues" : [ ]
}