{
  "uid" : "99b635da8416612",
  "name" : "test_4_payment_amount",
  "fullName" : "test_4_payment_amount#test_4_payment_amount",
  "historyId" : "eacb4d9cac1eacb50d68d9eeb2323f63",
  "time" : {
    "start" : 1515766902020,
    "stop" : 1515766939438,
    "duration" : 37418
  },
  "status" : "failed",
  "statusMessage" : "AssertionError: Title \"Account overview\" not found. TimeoutException",
  "statusTrace" : "driver = <selenium.webdriver.edge.webdriver.WebDriver (session=\"3005AEFC-8BD0-4EFE-B404-3DFEC5AE0212\")>\ntitle = 'Account overview'\n\n    def wait_for_title(driver, title):\n        wait = WebDriverWait(driver, TIMEOUT)\n        try:\n>           wait.until(EC.title_is(title))\n\nselenium_methods.py:62: \n_ _ _ _ _ _ _ _ _ _ _ _ _ _ _ _ _ _ _ _ _ _ _ _ _ _ _ _ _ _ _ _ _ _ _ _ _ _ _ _\n\nself = <selenium.webdriver.support.wait.WebDriverWait (session=\"3005AEFC-8BD0-4EFE-B404-3DFEC5AE0212\")>\nmethod = <selenium.webdriver.support.expected_conditions.title_is object at 0x000001C17B273240>\nmessage = ''\n\n    def until(self, method, message=''):\n        \"\"\"Calls the method provided with the driver as an argument until the \\\n            return value is not False.\"\"\"\n        screen = None\n        stacktrace = None\n    \n        end_time = time.time() + self._timeout\n        while True:\n            try:\n                value = method(self._driver)\n                if value:\n                    return value\n            except self._ignored_exceptions as exc:\n                screen = getattr(exc, 'screen', None)\n                stacktrace = getattr(exc, 'stacktrace', None)\n            time.sleep(self._poll)\n            if time.time() > end_time:\n                break\n>       raise TimeoutException(message, screen, stacktrace)\nE       selenium.common.exceptions.TimeoutException: Message:\n\nC:\\Users\\ПТЕНЦОМАСЬ\\AppData\\Local\\Programs\\Python\\Python36\\lib\\site-packages\\selenium\\webdriver\\support\\wait.py:80: TimeoutException\n\nDuring handling of the above exception, another exception occurred:\n\ndriver = <selenium.webdriver.edge.webdriver.WebDriver (session=\"3005AEFC-8BD0-4EFE-B404-3DFEC5AE0212\")>\n\n    @pytest.allure.feature('Transavia')\n    @pytest.allure.story('Проверить равенство стоимости билета и стоимости оплаты по брони')\n    @pytest.allure.severity(pytest.allure.severity_level.BLOCKER)\n    def test_4_payment_amount(driver):\n    \n        with pytest.allure.step('1. Open \"transavia.com\" website'):\n            home = Home(driver)\n            home.open_page()\n    \n        with pytest.allure.step('2. Check, that we are on booking page'):\n            expected = 'Where do you want to go?'\n            assert expected in home.text, 'Text \"{}\" not found on page: {}'.format(expected, home.text)\n    \n        with pytest.allure.step('3. Click \"Manage your booking\" button'):\n            home.click_manage_your_booking()\n    \n        with pytest.allure.step('4. Click \"View your booking\" button'):\n            home.click_view_your_booking()\n    \n        with pytest.allure.step('5. Check, that we are on Login Page'):\n            title = 'Log in'\n            login = Login(driver)\n            login.wait_for_title(title)\n    \n        with pytest.allure.step('6. Enter booking no. \"MF8C9R\"; last name \"kukharau\", flight date \"9 June 2016\"'):\n            login.enter_booking_number('MF8C9R')\n            login.enter_last_name('kukharau')\n            login.enter_flight_date('9 June 2016')\n            login.click_view_booking()\n    \n        with pytest.allure.step('7. Check, that login was successful'):\n            title = 'Account overview'\n            login = Login(driver)\n>           login.wait_for_title(title)\n\ntest_4_payment_amount.py:38: \n_ _ _ _ _ _ _ _ _ _ _ _ _ _ _ _ _ _ _ _ _ _ _ _ _ _ _ _ _ _ _ _ _ _ _ _ _ _ _ _\npages.py:127: in wait_for_title\n    selenium_methods.wait_for_title(self.driver, title)\n_ _ _ _ _ _ _ _ _ _ _ _ _ _ _ _ _ _ _ _ _ _ _ _ _ _ _ _ _ _ _ _ _ _ _ _ _ _ _ _\n\ndriver = <selenium.webdriver.edge.webdriver.WebDriver (session=\"3005AEFC-8BD0-4EFE-B404-3DFEC5AE0212\")>\ntitle = 'Account overview'\n\n    def wait_for_title(driver, title):\n        wait = WebDriverWait(driver, TIMEOUT)\n        try:\n            wait.until(EC.title_is(title))\n        except exceptions.TimeoutException:\n>           assert False, 'Title \"{}\" not found. TimeoutException'.format(title)\nE           AssertionError: Title \"Account overview\" not found. TimeoutException\n\nselenium_methods.py:64: AssertionError",
  "flaky" : false,
  "beforeStages" : [ {
    "name" : "driver",
    "time" : {
      "start" : 1515766900734,
      "stop" : 1515766902019,
      "duration" : 1285
    },
    "status" : "passed",
    "steps" : [ ],
    "attachments" : [ ],
    "parameters" : [ ],
    "attachmentsCount" : 0,
    "shouldDisplayMessage" : false,
    "hasContent" : false,
    "stepsCount" : 0
  } ],
  "testStage" : {
    "status" : "failed",
    "statusMessage" : "AssertionError: Title \"Account overview\" not found. TimeoutException",
    "statusTrace" : "driver = <selenium.webdriver.edge.webdriver.WebDriver (session=\"3005AEFC-8BD0-4EFE-B404-3DFEC5AE0212\")>\ntitle = 'Account overview'\n\n    def wait_for_title(driver, title):\n        wait = WebDriverWait(driver, TIMEOUT)\n        try:\n>           wait.until(EC.title_is(title))\n\nselenium_methods.py:62: \n_ _ _ _ _ _ _ _ _ _ _ _ _ _ _ _ _ _ _ _ _ _ _ _ _ _ _ _ _ _ _ _ _ _ _ _ _ _ _ _\n\nself = <selenium.webdriver.support.wait.WebDriverWait (session=\"3005AEFC-8BD0-4EFE-B404-3DFEC5AE0212\")>\nmethod = <selenium.webdriver.support.expected_conditions.title_is object at 0x000001C17B273240>\nmessage = ''\n\n    def until(self, method, message=''):\n        \"\"\"Calls the method provided with the driver as an argument until the \\\n            return value is not False.\"\"\"\n        screen = None\n        stacktrace = None\n    \n        end_time = time.time() + self._timeout\n        while True:\n            try:\n                value = method(self._driver)\n                if value:\n                    return value\n            except self._ignored_exceptions as exc:\n                screen = getattr(exc, 'screen', None)\n                stacktrace = getattr(exc, 'stacktrace', None)\n            time.sleep(self._poll)\n            if time.time() > end_time:\n                break\n>       raise TimeoutException(message, screen, stacktrace)\nE       selenium.common.exceptions.TimeoutException: Message:\n\nC:\\Users\\ПТЕНЦОМАСЬ\\AppData\\Local\\Programs\\Python\\Python36\\lib\\site-packages\\selenium\\webdriver\\support\\wait.py:80: TimeoutException\n\nDuring handling of the above exception, another exception occurred:\n\ndriver = <selenium.webdriver.edge.webdriver.WebDriver (session=\"3005AEFC-8BD0-4EFE-B404-3DFEC5AE0212\")>\n\n    @pytest.allure.feature('Transavia')\n    @pytest.allure.story('Проверить равенство стоимости билета и стоимости оплаты по брони')\n    @pytest.allure.severity(pytest.allure.severity_level.BLOCKER)\n    def test_4_payment_amount(driver):\n    \n        with pytest.allure.step('1. Open \"transavia.com\" website'):\n            home = Home(driver)\n            home.open_page()\n    \n        with pytest.allure.step('2. Check, that we are on booking page'):\n            expected = 'Where do you want to go?'\n            assert expected in home.text, 'Text \"{}\" not found on page: {}'.format(expected, home.text)\n    \n        with pytest.allure.step('3. Click \"Manage your booking\" button'):\n            home.click_manage_your_booking()\n    \n        with pytest.allure.step('4. Click \"View your booking\" button'):\n            home.click_view_your_booking()\n    \n        with pytest.allure.step('5. Check, that we are on Login Page'):\n            title = 'Log in'\n            login = Login(driver)\n            login.wait_for_title(title)\n    \n        with pytest.allure.step('6. Enter booking no. \"MF8C9R\"; last name \"kukharau\", flight date \"9 June 2016\"'):\n            login.enter_booking_number('MF8C9R')\n            login.enter_last_name('kukharau')\n            login.enter_flight_date('9 June 2016')\n            login.click_view_booking()\n    \n        with pytest.allure.step('7. Check, that login was successful'):\n            title = 'Account overview'\n            login = Login(driver)\n>           login.wait_for_title(title)\n\ntest_4_payment_amount.py:38: \n_ _ _ _ _ _ _ _ _ _ _ _ _ _ _ _ _ _ _ _ _ _ _ _ _ _ _ _ _ _ _ _ _ _ _ _ _ _ _ _\npages.py:127: in wait_for_title\n    selenium_methods.wait_for_title(self.driver, title)\n_ _ _ _ _ _ _ _ _ _ _ _ _ _ _ _ _ _ _ _ _ _ _ _ _ _ _ _ _ _ _ _ _ _ _ _ _ _ _ _\n\ndriver = <selenium.webdriver.edge.webdriver.WebDriver (session=\"3005AEFC-8BD0-4EFE-B404-3DFEC5AE0212\")>\ntitle = 'Account overview'\n\n    def wait_for_title(driver, title):\n        wait = WebDriverWait(driver, TIMEOUT)\n        try:\n            wait.until(EC.title_is(title))\n        except exceptions.TimeoutException:\n>           assert False, 'Title \"{}\" not found. TimeoutException'.format(title)\nE           AssertionError: Title \"Account overview\" not found. TimeoutException\n\nselenium_methods.py:64: AssertionError",
    "steps" : [ {
      "name" : "1. Open \"transavia.com\" website",
      "time" : {
        "start" : 1515766902020,
        "stop" : 1515766904531,
        "duration" : 2511
      },
      "status" : "passed",
      "steps" : [ ],
      "attachments" : [ ],
      "parameters" : [ ],
      "attachmentsCount" : 0,
      "shouldDisplayMessage" : false,
      "hasContent" : false,
      "stepsCount" : 0
    }, {
      "name" : "2. Check, that we are on booking page",
      "time" : {
        "start" : 1515766904531,
        "stop" : 1515766904648,
        "duration" : 117
      },
      "status" : "passed",
      "steps" : [ ],
      "attachments" : [ ],
      "parameters" : [ ],
      "attachmentsCount" : 0,
      "shouldDisplayMessage" : false,
      "hasContent" : false,
      "stepsCount" : 0
    }, {
      "name" : "3. Click \"Manage your booking\" button",
      "time" : {
        "start" : 1515766904648,
        "stop" : 1515766905431,
        "duration" : 783
      },
      "status" : "passed",
      "steps" : [ ],
      "attachments" : [ {
        "uid" : "41fbb03c2f7a0e2c",
        "name" : "Screenshot",
        "source" : "41fbb03c2f7a0e2c.png",
        "type" : "image/png",
        "size" : 108806
      } ],
      "parameters" : [ ],
      "attachmentsCount" : 1,
      "shouldDisplayMessage" : false,
      "hasContent" : true,
      "stepsCount" : 0
    }, {
      "name" : "4. Click \"View your booking\" button",
      "time" : {
        "start" : 1515766905431,
        "stop" : 1515766905647,
        "duration" : 216
      },
      "status" : "passed",
      "steps" : [ ],
      "attachments" : [ {
        "uid" : "dfbcc0368ec245eb",
        "name" : "Screenshot",
        "source" : "dfbcc0368ec245eb.png",
        "type" : "image/png",
        "size" : 107461
      } ],
      "parameters" : [ ],
      "attachmentsCount" : 1,
      "shouldDisplayMessage" : false,
      "hasContent" : true,
      "stepsCount" : 0
    }, {
      "name" : "5. Check, that we are on Login Page",
      "time" : {
        "start" : 1515766905647,
        "stop" : 1515766907536,
        "duration" : 1889
      },
      "status" : "passed",
      "steps" : [ ],
      "attachments" : [ ],
      "parameters" : [ ],
      "attachmentsCount" : 0,
      "shouldDisplayMessage" : false,
      "hasContent" : false,
      "stepsCount" : 0
    }, {
      "name" : "6. Enter booking no. \"MF8C9R\"; last name \"kukharau\", flight date \"9 June 2016\"",
      "time" : {
        "start" : 1515766907536,
        "stop" : 1515766908972,
        "duration" : 1436
      },
      "status" : "passed",
      "steps" : [ ],
      "attachments" : [ {
        "uid" : "abb670c073aaafb2",
        "name" : "Screenshot",
        "source" : "abb670c073aaafb2.png",
        "type" : "image/png",
        "size" : 73902
      }, {
        "uid" : "a0affd14741ad84a",
        "name" : "Screenshot",
        "source" : "a0affd14741ad84a.png",
        "type" : "image/png",
        "size" : 76776
      }, {
        "uid" : "87a06d2ccbff456f",
        "name" : "Screenshot",
        "source" : "87a06d2ccbff456f.png",
        "type" : "image/png",
        "size" : 76669
      }, {
        "uid" : "a357d58ba668638",
        "name" : "Screenshot",
        "source" : "a357d58ba668638.png",
        "type" : "image/png",
        "size" : 103891
      } ],
      "parameters" : [ ],
      "attachmentsCount" : 4,
      "shouldDisplayMessage" : false,
      "hasContent" : true,
      "stepsCount" : 0
    }, {
      "name" : "7. Check, that login was successful",
      "time" : {
        "start" : 1515766908972,
        "stop" : 1515766939435,
        "duration" : 30463
      },
      "status" : "failed",
      "statusMessage" : "AssertionError: Title \"Account overview\" not found. TimeoutException\n",
      "statusTrace" : "  File \"f:\\PROGRAMMING\\EPAM\\transavia\\test_4_payment_amount.py\", line 38, in test_4_payment_amount\n    login.wait_for_title(title)\n  File \"f:\\PROGRAMMING\\EPAM\\transavia\\pages.py\", line 127, in wait_for_title\n    selenium_methods.wait_for_title(self.driver, title)\n  File \"f:\\PROGRAMMING\\EPAM\\transavia\\selenium_methods.py\", line 64, in wait_for_title\n    assert False, 'Title \"{}\" not found. TimeoutException'.format(title)\n",
      "steps" : [ ],
      "attachments" : [ ],
      "parameters" : [ ],
      "attachmentsCount" : 0,
      "shouldDisplayMessage" : true,
      "hasContent" : true,
      "stepsCount" : 0
    } ],
    "attachments" : [ ],
    "parameters" : [ ],
    "attachmentsCount" : 6,
    "shouldDisplayMessage" : true,
    "hasContent" : true,
    "stepsCount" : 7
  },
  "afterStages" : [ {
    "name" : "driver::teardown",
    "time" : {
      "start" : 1515766939573,
      "stop" : 1515766943773,
      "duration" : 4200
    },
    "status" : "passed",
    "steps" : [ ],
    "attachments" : [ ],
    "parameters" : [ ],
    "attachmentsCount" : 0,
    "shouldDisplayMessage" : false,
    "hasContent" : false,
    "stepsCount" : 0
  } ],
  "labels" : [ {
    "name" : "severity",
    "value" : "blocker"
  }, {
    "name" : "feature",
    "value" : "Transavia"
  }, {
    "name" : "story",
    "value" : "Проверить равенство стоимости билета и стоимости оплаты по брони"
  }, {
    "name" : "host",
    "value" : "MASYAN"
  }, {
    "name" : "thread",
    "value" : "9728-MainThread"
  }, {
    "name" : "framework",
    "value" : "pytest"
  }, {
    "name" : "language",
    "value" : "cpython3"
  }, {
    "name" : "package",
    "value" : "test_4_payment_amount"
  }, {
    "name" : "resultFormat",
    "value" : "allure2"
  } ],
  "parameters" : [ ],
  "links" : [ ],
  "hidden" : false,
  "retry" : false,
  "extra" : {
    "severity" : "blocker",
    "retries" : [ ],
    "categories" : [ {
      "name" : "Product defects",
      "matchedStatuses" : [ ],
      "flaky" : false
    } ],
    "tags" : [ ]
  },
  "source" : "99b635da8416612.json",
  "parameterValues" : [ ]
}